<?xml version="1.0" encoding="UTF-8"?>
<!-- Generated by org.testng.reporters.JUnitXMLReporter -->
<testsuite hostname="DESKTOP-B9VP6J3" ignored="0" name="login" tests="4" failures="1" timestamp="05 九月 2019 10:52:27 GMT" time="1.254" errors="0">
  <testcase name="login" time="0.553" classname="zdh.caseuse.LoginCase"/>
  <testcase name="getBrand" time="0.088" classname="zdh.caseuse.Depend1"/>
  <testcase name="getSpec" time="0.063" classname="zdh.caseuse.SelectSpec"/>
  <testcase name="getTyre" time="0.062" classname="zdh.caseuse.SelectTyre">
    <failure type="java.lang.AssertionError" message="expected [true] but found [false]">
      <![CDATA[java.lang.AssertionError: expected [true] but found [false]
	at zdh.service.BaseProcessor.ExcuteCase(BaseProcessor.java:46)
	at zdh.caseuse.SelectTyre.getTyre(SelectTyre.java:28)
... Removed 32 stack frames]]>
    </failure>
  </testcase> <!-- getTyre -->
</testsuite> <!-- login -->
