<?xml version="1.0" encoding="UTF-8"?>
<!-- Generated by org.testng.reporters.JUnitXMLReporter -->
<testsuite hostname="DESKTOP-B9VP6J3" ignored="0" name="login" tests="11" failures="4" timestamp="06 九月 2019 00:59:51 GMT" time="1.929" errors="0">
  <testcase name="login" time="0.632" classname="zdh.caseuse.LoginCase"/>
  <testcase name="getBrand" time="0.156" classname="zdh.caseuse.Depend1"/>
  <testcase name="selectTraffic" time="0.08" classname="zdh.caseuse.SelectTraffic">
    <failure type="java.lang.AssertionError" message="expected [true] but found [false]">
      <![CDATA[java.lang.AssertionError: expected [true] but found [false]
	at zdh.service.BaseProcessor.ExcuteCase(BaseProcessor.java:46)
	at zdh.caseuse.SelectTraffic.selectTraffic(SelectTraffic.java:25)
... Removed 32 stack frames]]>
    </failure>
  </testcase> <!-- selectTraffic -->
  <testcase name="getPhone" time="0.068" classname="zdh.caseuse.GetPhone"/>
  <testcase name="getPhone" time="0.058" classname="zdh.caseuse.GetPhone">
    <failure type="java.lang.AssertionError" message="expected [true] but found [false]">
      <![CDATA[java.lang.AssertionError: expected [true] but found [false]
	at zdh.service.BaseProcessor.ExcuteCase(BaseProcessor.java:46)
	at zdh.caseuse.GetPhone.getPhone(GetPhone.java:21)
... Removed 32 stack frames]]>
    </failure>
  </testcase> <!-- getPhone -->
  <testcase name="getInsurance" time="0.06" classname="zdh.caseuse.InsuranceCompany"/>
  <testcase name="getOilPrice" time="0.063" classname="zdh.caseuse.OilPrice">
    <failure type="java.lang.AssertionError" message="expected [true] but found [false]">
      <![CDATA[java.lang.AssertionError: expected [true] but found [false]
	at zdh.service.BaseProcessor.ExcuteCase(BaseProcessor.java:46)
	at zdh.caseuse.OilPrice.getOilPrice(OilPrice.java:19)
... Removed 32 stack frames]]>
    </failure>
  </testcase> <!-- getOilPrice -->
  <testcase name="getOilPrice" time="0.059" classname="zdh.caseuse.OilPrice"/>
  <testcase name="getOilPrice" time="0.065" classname="zdh.caseuse.OilPrice"/>
  <testcase name="getSpec" time="0.072" classname="zdh.caseuse.SelectSpec"/>
  <testcase name="getTyre" time="0.093" classname="zdh.caseuse.SelectTyre">
    <failure type="java.lang.AssertionError" message="expected [true] but found [false]">
      <![CDATA[java.lang.AssertionError: expected [true] but found [false]
	at zdh.service.BaseProcessor.ExcuteCase(BaseProcessor.java:46)
	at zdh.caseuse.SelectTyre.getTyre(SelectTyre.java:28)
... Removed 32 stack frames]]>
    </failure>
  </testcase> <!-- getTyre -->
</testsuite> <!-- login -->
